# JRE version: OpenJDK Runtime Environment (8.0_112-b06) (build 1.8.0_112-release-b06)
# Java VM: OpenJDK 64-Bit Server VM (25.112-b06 mixed mode linux-amd64 compressed oops)
Heap:
 PSYoungGen      total 356864K, used 4833K [0x00000000e0000000, 0x00000000fff00000, 0x0000000100000000)
  eden space 209408K, 0% used [0x00000000e0000000,0x00000000e0000000,0x00000000ecc80000)
  from space 147456K, 3% used [0x00000000ecc80000,0x00000000ed138598,0x00000000f5c80000)
  to   space 148992K, 0% used [0x00000000f6d80000,0x00000000f6d80000,0x00000000fff00000)
 ParOldGen       total 888320K, used 801142K [0x00000000a0000000, 0x00000000d6380000, 0x00000000e0000000)
  object space 888320K, 90% used [0x00000000a0000000,0x00000000d0e5da00,0x00000000d6380000)
 Metaspace       used 121012K, capacity 129870K, committed 134320K, reserved 1167360K
  class space    used 15080K, capacity 16209K, committed 17072K, reserved 1048576K
GC Heap History (10 events):
Event: 13627.682 GC heap after
Heap after GC invocations=124 (full 15):
 PSYoungGen      total 357888K, used 86157K [0x00000000e0000000, 0x0000000100000000, 0x0000000100000000)
  eden space 196096K, 0% used [0x00000000e0000000,0x00000000e0000000,0x00000000ebf80000)
  from space 161792K, 53% used [0x00000000ebf80000,0x00000000f13a3748,0x00000000f5d80000)
  to   space 162304K, 0% used [0x00000000f6180000,0x00000000f6180000,0x0000000100000000)
 ParOldGen       total 888320K, used 590938K [0x00000000a0000000, 0x00000000d6380000, 0x00000000e0000000)
  object space 888320K, 66% used [0x00000000a0000000,0x00000000c4116b90,0x00000000d6380000)
 Metaspace       used 114517K, capacity 123138K, committed 134320K, reserved 1167360K
  class space    used 14241K, capacity 15309K, committed 17072K, reserved 1048576K
}
Event: 13646.968 GC heap before
{Heap before GC invocations=125 (full 15):
 PSYoungGen      total 357888K, used 282253K [0x00000000e0000000, 0x0000000100000000, 0x0000000100000000)
  eden space 196096K, 100% used [0x00000000e0000000,0x00000000ebf80000,0x00000000ebf80000)
  from space 161792K, 53% used [0x00000000ebf80000,0x00000000f13a3748,0x00000000f5d80000)
  to   space 162304K, 0% used [0x00000000f6180000,0x00000000f6180000,0x0000000100000000)
 ParOldGen       total 888320K, used 590938K [0x00000000a0000000, 0x00000000d6380000, 0x00000000e0000000)
  object space 888320K, 66% used [0x00000000a0000000,0x00000000c4116b90,0x00000000d6380000)
 Metaspace       used 117717K, capacity 126414K, committed 134320K, reserved 1167360K
  class space    used 14652K, capacity 15751K, committed 17072K, reserved 1048576K
Event: 13647.587 GC heap after
Heap after GC invocations=125 (full 15):
 PSYoungGen      total 358912K, used 81292K [0x00000000e0000000, 0x00000000ffc80000, 0x0000000100000000)
  eden space 200192K, 0% used [0x00000000e0000000,0x00000000e0000000,0x00000000ec380000)
  from space 158720K, 51% used [0x00000000f6180000,0x00000000fb0e3068,0x00000000ffc80000)
  to   space 160256K, 0% used [0x00000000ec380000,0x00000000ec380000,0x00000000f6000000)
 ParOldGen       total 888320K, used 659946K [0x00000000a0000000, 0x00000000d6380000, 0x00000000e0000000)
  object space 888320K, 74% used [0x00000000a0000000,0x00000000c847a9d8,0x00000000d6380000)
 Metaspace       used 117717K, capacity 126414K, committed 134320K, reserved 1167360K
  class space    used 14652K, capacity 15751K, committed 17072K, reserved 1048576K
}
Event: 13970.889 GC heap before
{Heap before GC invocations=126 (full 15):
 PSYoungGen      total 358912K, used 281484K [0x00000000e0000000, 0x00000000ffc80000, 0x0000000100000000)
  eden space 200192K, 100% used [0x00000000e0000000,0x00000000ec380000,0x00000000ec380000)
  from space 158720K, 51% used [0x00000000f6180000,0x00000000fb0e3068,0x00000000ffc80000)
  to   space 160256K, 0% used [0x00000000ec380000,0x00000000ec380000,0x00000000f6000000)
 ParOldGen       total 888320K, used 659946K [0x00000000a0000000, 0x00000000d6380000, 0x00000000e0000000)
  object space 888320K, 74% used [0x00000000a0000000,0x00000000c847a9d8,0x00000000d6380000)
 Metaspace       used 117752K, capacity 126502K, committed 134320K, reserved 1167360K
  class space    used 14660K, capacity 15759K, committed 17072K, reserved 1048576K
Event: 13971.084 GC heap after
Heap after GC invocations=126 (full 15):
 PSYoungGen      total 264704K, used 64259K [0x00000000e0000000, 0x00000000ff080000, 0x0000000100000000)
  eden space 200192K, 0% used [0x00000000e0000000,0x00000000e0000000,0x00000000ec380000)
  from space 64512K, 99% used [0x00000000ec380000,0x00000000f0240c98,0x00000000f0280000)
  to   space 151552K, 0% used [0x00000000f5c80000,0x00000000f5c80000,0x00000000ff080000)
 ParOldGen       total 888320K, used 668770K [0x00000000a0000000, 0x00000000d6380000, 0x00000000e0000000)
  object space 888320K, 75% used [0x00000000a0000000,0x00000000c8d18ad0,0x00000000d6380000)
 Metaspace       used 117752K, capacity 126502K, committed 134320K, reserved 1167360K
  class space    used 14660K, capacity 15759K, committed 17072K, reserved 1048576K
}
Event: 13980.715 GC heap before
{Heap before GC invocations=127 (full 15):
 PSYoungGen      total 264704K, used 264436K [0x00000000e0000000, 0x00000000ff080000, 0x0000000100000000)
  eden space 200192K, 99% used [0x00000000e0000000,0x00000000ec37c660,0x00000000ec380000)
  from space 64512K, 99% used [0x00000000ec380000,0x00000000f0240c98,0x00000000f0280000)
  to   space 151552K, 0% used [0x00000000f5c80000,0x00000000f5c80000,0x00000000ff080000)
 ParOldGen       total 888320K, used 668770K [0x00000000a0000000, 0x00000000d6380000, 0x00000000e0000000)
  object space 888320K, 75% used [0x00000000a0000000,0x00000000c8d18ad0,0x00000000d6380000)
 Metaspace       used 120954K, capacity 129782K, committed 134320K, reserved 1167360K
  class space    used 15071K, capacity 16201K, committed 17072K, reserved 1048576K
Event: 13980.951 GC heap after
Heap after GC invocations=127 (full 15):
 PSYoungGen      total 360960K, used 75732K [0x00000000e0000000, 0x00000000ffa80000, 0x0000000100000000)
  eden space 209408K, 0% used [0x00000000e0000000,0x00000000e0000000,0x00000000ecc80000)
  from space 151552K, 49% used [0x00000000f5c80000,0x00000000fa6750c8,0x00000000ff080000)
  to   space 147456K, 0% used [0x00000000ecc80000,0x00000000ecc80000,0x00000000f5c80000)
 ParOldGen       total 888320K, used 730645K [0x00000000a0000000, 0x00000000d6380000, 0x00000000e0000000)
  object space 888320K, 82% used [0x00000000a0000000,0x00000000cc9857e0,0x00000000d6380000)
 Metaspace       used 120954K, capacity 129782K, committed 134320K, reserved 1167360K
  class space    used 15071K, capacity 16201K, committed 17072K, reserved 1048576K
}
Event: 14051.803 GC heap before
{Heap before GC invocations=128 (full 15):
 PSYoungGen      total 360960K, used 285140K [0x00000000e0000000, 0x00000000ffa80000, 0x0000000100000000)
  eden space 209408K, 100% used [0x00000000e0000000,0x00000000ecc80000,0x00000000ecc80000)
  from space 151552K, 49% used [0x00000000f5c80000,0x00000000fa6750c8,0x00000000ff080000)
  to   space 147456K, 0% used [0x00000000ecc80000,0x00000000ecc80000,0x00000000f5c80000)
 ParOldGen       total 888320K, used 730645K [0x00000000a0000000, 0x00000000d6380000, 0x00000000e0000000)
  object space 888320K, 82% used [0x00000000a0000000,0x00000000cc9857e0,0x00000000d6380000)
 Metaspace       used 121012K, capacity 129870K, committed 134320K, reserved 1167360K
  class space    used 15080K, capacity 16209K, committed 17072K, reserved 1048576K
Event: 14051.913 GC heap after
Heap after GC invocations=128 (full 15):
 PSYoungGen      total 356864K, used 4833K [0x00000000e0000000, 0x00000000fff00000, 0x0000000100000000)
  eden space 209408K, 0% used [0x00000000e0000000,0x00000000e0000000,0x00000000ecc80000)
  from space 147456K, 3% used [0x00000000ecc80000,0x00000000ed138598,0x00000000f5c80000)
  to   space 148992K, 0% used [0x00000000f6d80000,0x00000000f6d80000,0x00000000fff00000)
 ParOldGen       total 888320K, used 801142K [0x00000000a0000000, 0x00000000d6380000, 0x00000000e0000000)
  object space 888320K, 90% used [0x00000000a0000000,0x00000000d0e5da00,0x00000000d6380000)
 Metaspace       used 121012K, capacity 129870K, committed 134320K, reserved 1167360K
  class space    used 15080K, capacity 16209K, committed 17072K, reserved 1048576K
}
Event: 14051.944 GC heap before
{Heap before GC invocations=129 (full 16):
 PSYoungGen      total 356864K, used 4833K [0x00000000e0000000, 0x00000000fff00000, 0x0000000100000000)
  eden space 209408K, 0% used [0x00000000e0000000,0x00000000e0000000,0x00000000ecc80000)
  from space 147456K, 3% used [0x00000000ecc80000,0x00000000ed138598,0x00000000f5c80000)
  to   space 148992K, 0% used [0x00000000f6d80000,0x00000000f6d80000,0x00000000fff00000)
 ParOldGen       total 888320K, used 801142K [0x00000000a0000000, 0x00000000d6380000, 0x00000000e0000000)
  object space 888320K, 90% used [0x00000000a0000000,0x00000000d0e5da00,0x00000000d6380000)
 Metaspace       used 121012K, capacity 129870K, committed 134320K, reserved 1167360K
  class space    used 15080K, capacity 16209K, committed 17072K, reserved 1048576K

