# JRE version: OpenJDK Runtime Environment (8.0_112-b06) (build 1.8.0_112-release-b06)
# Java VM: OpenJDK 64-Bit Server VM (25.112-b06 mixed mode linux-amd64 compressed oops)
Heap:
 PSYoungGen      total 86528K, used 84469K [0x00000000e0000000, 0x00000000e7980000, 0x0000000100000000)
  eden space 76288K, 97% used [0x00000000e0000000,0x00000000e487dcd8,0x00000000e4a80000)
  from space 10240K, 99% used [0x00000000e4a80000,0x00000000e547fa58,0x00000000e5480000)
  to   space 11264K, 0% used [0x00000000e6e80000,0x00000000e6e80000,0x00000000e7980000)
 ParOldGen       total 70656K, used 14399K [0x00000000a0000000, 0x00000000a4500000, 0x00000000e0000000)
  object space 70656K, 20% used [0x00000000a0000000,0x00000000a0e0fd28,0x00000000a4500000)
 Metaspace       used 48040K, capacity 49646K, committed 49968K, reserved 1091584K
  class space    used 6523K, capacity 6882K, committed 6960K, reserved 1048576K
GC Heap History (10 events):
Event: 18.022 GC heap before
{Heap before GC invocations=13 (full 1):
 PSYoungGen      total 51200K, used 25363K [0x00000000e0000000, 0x00000000e4a00000, 0x0000000100000000)
  eden space 42496K, 39% used [0x00000000e0000000,0x00000000e1046640,0x00000000e2980000)
  from space 8704K, 99% used [0x00000000e2980000,0x00000000e31fe618,0x00000000e3200000)
  to   space 9728K, 0% used [0x00000000e4080000,0x00000000e4080000,0x00000000e4a00000)
 ParOldGen       total 53248K, used 8691K [0x00000000a0000000, 0x00000000a3400000, 0x00000000e0000000)
  object space 53248K, 16% used [0x00000000a0000000,0x00000000a087cdf8,0x00000000a3400000)
 Metaspace       used 34698K, capacity 35290K, committed 35496K, reserved 1079296K
  class space    used 4660K, capacity 4855K, committed 4912K, reserved 1048576K
Event: 18.046 GC heap after
Heap after GC invocations=13 (full 1):
 PSYoungGen      total 66048K, used 6274K [0x00000000e0000000, 0x00000000e4f80000, 0x0000000100000000)
  eden space 56320K, 0% used [0x00000000e0000000,0x00000000e0000000,0x00000000e3700000)
  from space 9728K, 64% used [0x00000000e4080000,0x00000000e46a0b10,0x00000000e4a00000)
  to   space 9728K, 0% used [0x00000000e3700000,0x00000000e3700000,0x00000000e4080000)
 ParOldGen       total 53248K, used 9879K [0x00000000a0000000, 0x00000000a3400000, 0x00000000e0000000)
  object space 53248K, 18% used [0x00000000a0000000,0x00000000a09a5e18,0x00000000a3400000)
 Metaspace       used 34698K, capacity 35290K, committed 35496K, reserved 1079296K
  class space    used 4660K, capacity 4855K, committed 4912K, reserved 1048576K
}
Event: 18.046 GC heap before
{Heap before GC invocations=14 (full 2):
 PSYoungGen      total 66048K, used 6274K [0x00000000e0000000, 0x00000000e4f80000, 0x0000000100000000)
  eden space 56320K, 0% used [0x00000000e0000000,0x00000000e0000000,0x00000000e3700000)
  from space 9728K, 64% used [0x00000000e4080000,0x00000000e46a0b10,0x00000000e4a00000)
  to   space 9728K, 0% used [0x00000000e3700000,0x00000000e3700000,0x00000000e4080000)
 ParOldGen       total 53248K, used 9879K [0x00000000a0000000, 0x00000000a3400000, 0x00000000e0000000)
  object space 53248K, 18% used [0x00000000a0000000,0x00000000a09a5e18,0x00000000a3400000)
 Metaspace       used 34698K, capacity 35290K, committed 35496K, reserved 1079296K
  class space    used 4660K, capacity 4855K, committed 4912K, reserved 1048576K
Event: 18.190 GC heap after
Heap after GC invocations=14 (full 2):
 PSYoungGen      total 66048K, used 0K [0x00000000e0000000, 0x00000000e4f80000, 0x0000000100000000)
  eden space 56320K, 0% used [0x00000000e0000000,0x00000000e0000000,0x00000000e3700000)
  from space 9728K, 0% used [0x00000000e4080000,0x00000000e4080000,0x00000000e4a00000)
  to   space 9728K, 0% used [0x00000000e3700000,0x00000000e3700000,0x00000000e4080000)
 ParOldGen       total 70656K, used 14375K [0x00000000a0000000, 0x00000000a4500000, 0x00000000e0000000)
  object space 70656K, 20% used [0x00000000a0000000,0x00000000a0e09d28,0x00000000a4500000)
 Metaspace       used 34698K, capacity 35290K, committed 35496K, reserved 1079296K
  class space    used 4660K, capacity 4855K, committed 4912K, reserved 1048576K
}
Event: 19.796 GC heap before
{Heap before GC invocations=15 (full 2):
 PSYoungGen      total 66048K, used 56320K [0x00000000e0000000, 0x00000000e4f80000, 0x0000000100000000)
  eden space 56320K, 100% used [0x00000000e0000000,0x00000000e3700000,0x00000000e3700000)
  from space 9728K, 0% used [0x00000000e4080000,0x00000000e4080000,0x00000000e4a00000)
  to   space 9728K, 0% used [0x00000000e3700000,0x00000000e3700000,0x00000000e4080000)
 ParOldGen       total 70656K, used 14375K [0x00000000a0000000, 0x00000000a4500000, 0x00000000e0000000)
  object space 70656K, 20% used [0x00000000a0000000,0x00000000a0e09d28,0x00000000a4500000)
 Metaspace       used 38004K, capacity 38690K, committed 38960K, reserved 1083392K
  class space    used 5111K, capacity 5310K, committed 5424K, reserved 1048576K
Event: 19.807 GC heap after
Heap after GC invocations=15 (full 2):
 PSYoungGen      total 66048K, used 7249K [0x00000000e0000000, 0x00000000e5f80000, 0x0000000100000000)
  eden space 56320K, 0% used [0x00000000e0000000,0x00000000e0000000,0x00000000e3700000)
  from space 9728K, 74% used [0x00000000e3700000,0x00000000e3e14518,0x00000000e4080000)
  to   space 9728K, 0% used [0x00000000e5600000,0x00000000e5600000,0x00000000e5f80000)
 ParOldGen       total 70656K, used 14383K [0x00000000a0000000, 0x00000000a4500000, 0x00000000e0000000)
  object space 70656K, 20% used [0x00000000a0000000,0x00000000a0e0bd28,0x00000000a4500000)
 Metaspace       used 38004K, capacity 38690K, committed 38960K, reserved 1083392K
  class space    used 5111K, capacity 5310K, committed 5424K, reserved 1048576K
}
Event: 22.916 GC heap before
{Heap before GC invocations=16 (full 2):
 PSYoungGen      total 66048K, used 63569K [0x00000000e0000000, 0x00000000e5f80000, 0x0000000100000000)
  eden space 56320K, 100% used [0x00000000e0000000,0x00000000e3700000,0x00000000e3700000)
  from space 9728K, 74% used [0x00000000e3700000,0x00000000e3e14518,0x00000000e4080000)
  to   space 9728K, 0% used [0x00000000e5600000,0x00000000e5600000,0x00000000e5f80000)
 ParOldGen       total 70656K, used 14383K [0x00000000a0000000, 0x00000000a4500000, 0x00000000e0000000)
  object space 70656K, 20% used [0x00000000a0000000,0x00000000a0e0bd28,0x00000000a4500000)
 Metaspace       used 41937K, capacity 42728K, committed 43056K, reserved 1087488K
  class space    used 5622K, capacity 5855K, committed 5936K, reserved 1048576K
Event: 22.927 GC heap after
Heap after GC invocations=16 (full 2):
 PSYoungGen      total 84992K, used 8038K [0x00000000e0000000, 0x00000000e5e80000, 0x0000000100000000)
  eden space 76288K, 0% used [0x00000000e0000000,0x00000000e0000000,0x00000000e4a80000)
  from space 8704K, 92% used [0x00000000e5600000,0x00000000e5dd98f0,0x00000000e5e80000)
  to   space 10240K, 0% used [0x00000000e4a80000,0x00000000e4a80000,0x00000000e5480000)
 ParOldGen       total 70656K, used 14391K [0x00000000a0000000, 0x00000000a4500000, 0x00000000e0000000)
  object space 70656K, 20% used [0x00000000a0000000,0x00000000a0e0dd28,0x00000000a4500000)
 Metaspace       used 41937K, capacity 42728K, committed 43056K, reserved 1087488K
  class space    used 5622K, capacity 5855K, committed 5936K, reserved 1048576K
}
Event: 24.295 GC heap before
{Heap before GC invocations=17 (full 2):
 PSYoungGen      total 84992K, used 84326K [0x00000000e0000000, 0x00000000e5e80000, 0x0000000100000000)
  eden space 76288K, 100% used [0x00000000e0000000,0x00000000e4a80000,0x00000000e4a80000)
  from space 8704K, 92% used [0x00000000e5600000,0x00000000e5dd98f0,0x00000000e5e80000)
  to   space 10240K, 0% used [0x00000000e4a80000,0x00000000e4a80000,0x00000000e5480000)
 ParOldGen       total 70656K, used 14391K [0x00000000a0000000, 0x00000000a4500000, 0x00000000e0000000)
  object space 70656K, 20% used [0x00000000a0000000,0x00000000a0e0dd28,0x00000000a4500000)
 Metaspace       used 43580K, capacity 44534K, committed 44720K, reserved 1087488K
  class space    used 5809K, capacity 6044K, committed 6064K, reserved 1048576K
Event: 24.308 GC heap after
Heap after GC invocations=17 (full 2):
 PSYoungGen      total 86528K, used 10238K [0x00000000e0000000, 0x00000000e7980000, 0x0000000100000000)
  eden space 76288K, 0% used [0x00000000e0000000,0x00000000e0000000,0x00000000e4a80000)
  from space 10240K, 99% used [0x00000000e4a80000,0x00000000e547fa58,0x00000000e5480000)
  to   space 11264K, 0% used [0x00000000e6e80000,0x00000000e6e80000,0x00000000e7980000)
 ParOldGen       total 70656K, used 14399K [0x00000000a0000000, 0x00000000a4500000, 0x00000000e0000000)
  object space 70656K, 20% used [0x00000000a0000000,0x00000000a0e0fd28,0x00000000a4500000)
 Metaspace       used 43580K, capacity 44534K, committed 44720K, reserved 1087488K
  class space    used 5809K, capacity 6044K, committed 6064K, reserved 1048576K
}

