# JRE version: OpenJDK Runtime Environment (8.0_112-b06) (build 1.8.0_112-release-b06)
# Java VM: OpenJDK 64-Bit Server VM (25.112-b06 mixed mode linux-amd64 compressed oops)
Heap:
 PSYoungGen      total 397312K, used 20841K [0x00000000e0000000, 0x0000000100000000, 0x0000000100000000)
  eden space 275456K, 0% used [0x00000000e0000000,0x00000000e0000000,0x00000000f0d00000)
  from space 121856K, 17% used [0x00000000f8080000,0x00000000f94da798,0x00000000ff780000)
  to   space 118272K, 0% used [0x00000000f0d00000,0x00000000f0d00000,0x00000000f8080000)
 ParOldGen       total 606720K, used 527045K [0x00000000a0000000, 0x00000000c5080000, 0x00000000e0000000)
  object space 606720K, 86% used [0x00000000a0000000,0x00000000c02b1668,0x00000000c5080000)
 Metaspace       used 102145K, capacity 108930K, committed 109208K, reserved 1144832K
  class space    used 13002K, capacity 14173K, committed 14256K, reserved 1048576K
GC Heap History (10 events):
Event: 4005.493 GC heap after
Heap after GC invocations=39 (full 7):
 PSYoungGen      total 402944K, used 6738K [0x00000000e0000000, 0x0000000100000000, 0x0000000100000000)
  eden space 280576K, 0% used [0x00000000e0000000,0x00000000e0000000,0x00000000f1200000)
  from space 122368K, 5% used [0x00000000f8880000,0x00000000f8f148b8,0x0000000100000000)
  to   space 121344K, 0% used [0x00000000f1200000,0x00000000f1200000,0x00000000f8880000)
 ParOldGen       total 606720K, used 384226K [0x00000000a0000000, 0x00000000c5080000, 0x00000000e0000000)
  object space 606720K, 63% used [0x00000000a0000000,0x00000000b7738868,0x00000000c5080000)
 Metaspace       used 88074K, capacity 92468K, committed 102168K, reserved 1138688K
  class space    used 10977K, capacity 11681K, committed 13104K, reserved 1048576K
}
Event: 4023.610 GC heap before
{Heap before GC invocations=40 (full 7):
 PSYoungGen      total 402944K, used 287314K [0x00000000e0000000, 0x0000000100000000, 0x0000000100000000)
  eden space 280576K, 100% used [0x00000000e0000000,0x00000000f1200000,0x00000000f1200000)
  from space 122368K, 5% used [0x00000000f8880000,0x00000000f8f148b8,0x0000000100000000)
  to   space 121344K, 0% used [0x00000000f1200000,0x00000000f1200000,0x00000000f8880000)
 ParOldGen       total 606720K, used 384226K [0x00000000a0000000, 0x00000000c5080000, 0x00000000e0000000)
  object space 606720K, 63% used [0x00000000a0000000,0x00000000b7738868,0x00000000c5080000)
 Metaspace       used 91379K, capacity 95838K, committed 102168K, reserved 1138688K
  class space    used 11390K, capacity 12126K, committed 13104K, reserved 1048576K
Event: 4023.901 GC heap after
Heap after GC invocations=40 (full 7):
 PSYoungGen      total 357376K, used 76553K [0x00000000e0000000, 0x0000000100000000, 0x0000000100000000)
  eden space 280576K, 0% used [0x00000000e0000000,0x00000000e0000000,0x00000000f1200000)
  from space 76800K, 99% used [0x00000000f1200000,0x00000000f5cc2580,0x00000000f5d00000)
  to   space 126464K, 0% used [0x00000000f8480000,0x00000000f8480000,0x0000000100000000)
 ParOldGen       total 606720K, used 386850K [0x00000000a0000000, 0x00000000c5080000, 0x00000000e0000000)
  object space 606720K, 63% used [0x00000000a0000000,0x00000000b79c89a8,0x00000000c5080000)
 Metaspace       used 91379K, capacity 95838K, committed 102168K, reserved 1138688K
  class space    used 11390K, capacity 12126K, committed 13104K, reserved 1048576K
}
Event: 4156.932 GC heap before
{Heap before GC invocations=41 (full 7):
 PSYoungGen      total 357376K, used 357129K [0x00000000e0000000, 0x0000000100000000, 0x0000000100000000)
  eden space 280576K, 100% used [0x00000000e0000000,0x00000000f1200000,0x00000000f1200000)
  from space 76800K, 99% used [0x00000000f1200000,0x00000000f5cc2580,0x00000000f5d00000)
  to   space 126464K, 0% used [0x00000000f8480000,0x00000000f8480000,0x0000000100000000)
 ParOldGen       total 606720K, used 386850K [0x00000000a0000000, 0x00000000c5080000, 0x00000000e0000000)
  object space 606720K, 63% used [0x00000000a0000000,0x00000000b79c89a8,0x00000000c5080000)
 Metaspace       used 94518K, capacity 100250K, committed 103960K, reserved 1140736K
  class space    used 11824K, capacity 12732K, committed 13360K, reserved 1048576K
Event: 4158.602 GC heap after
Heap after GC invocations=41 (full 7):
 PSYoungGen      total 398336K, used 65500K [0x00000000e0000000, 0x0000000100000000, 0x0000000100000000)
  eden space 271872K, 0% used [0x00000000e0000000,0x00000000e0000000,0x00000000f0980000)
  from space 126464K, 51% used [0x00000000f8480000,0x00000000fc477130,0x0000000100000000)
  to   space 125952K, 0% used [0x00000000f0980000,0x00000000f0980000,0x00000000f8480000)
 ParOldGen       total 606720K, used 457151K [0x00000000a0000000, 0x00000000c5080000, 0x00000000e0000000)
  object space 606720K, 75% used [0x00000000a0000000,0x00000000bbe6fd10,0x00000000c5080000)
 Metaspace       used 94518K, capacity 100250K, committed 103960K, reserved 1140736K
  class space    used 11824K, capacity 12732K, committed 13360K, reserved 1048576K
}
Event: 6784.177 GC heap before
{Heap before GC invocations=42 (full 7):
 PSYoungGen      total 398336K, used 337372K [0x00000000e0000000, 0x0000000100000000, 0x0000000100000000)
  eden space 271872K, 100% used [0x00000000e0000000,0x00000000f0980000,0x00000000f0980000)
  from space 126464K, 51% used [0x00000000f8480000,0x00000000fc477130,0x0000000100000000)
  to   space 125952K, 0% used [0x00000000f0980000,0x00000000f0980000,0x00000000f8480000)
 ParOldGen       total 606720K, used 457151K [0x00000000a0000000, 0x00000000c5080000, 0x00000000e0000000)
  object space 606720K, 75% used [0x00000000a0000000,0x00000000bbe6fd10,0x00000000c5080000)
 Metaspace       used 95964K, capacity 101754K, committed 104216K, reserved 1140736K
  class space    used 12046K, capacity 12987K, committed 13360K, reserved 1048576K
Event: 6784.323 GC heap after
Heap after GC invocations=42 (full 7):
 PSYoungGen      total 294912K, used 22833K [0x00000000e0000000, 0x00000000ff780000, 0x0000000100000000)
  eden space 271872K, 0% used [0x00000000e0000000,0x00000000e0000000,0x00000000f0980000)
  from space 23040K, 99% used [0x00000000f0980000,0x00000000f1fcc478,0x00000000f2000000)
  to   space 121856K, 0% used [0x00000000f8080000,0x00000000f8080000,0x00000000ff780000)
 ParOldGen       total 606720K, used 510349K [0x00000000a0000000, 0x00000000c5080000, 0x00000000e0000000)
  object space 606720K, 84% used [0x00000000a0000000,0x00000000bf2635c8,0x00000000c5080000)
 Metaspace       used 95964K, capacity 101754K, committed 104216K, reserved 1140736K
  class space    used 12046K, capacity 12987K, committed 13360K, reserved 1048576K
}
Event: 6802.877 GC heap before
{Heap before GC invocations=43 (full 7):
 PSYoungGen      total 294912K, used 294705K [0x00000000e0000000, 0x00000000ff780000, 0x0000000100000000)
  eden space 271872K, 100% used [0x00000000e0000000,0x00000000f0980000,0x00000000f0980000)
  from space 23040K, 99% used [0x00000000f0980000,0x00000000f1fcc478,0x00000000f2000000)
  to   space 121856K, 0% used [0x00000000f8080000,0x00000000f8080000,0x00000000ff780000)
 ParOldGen       total 606720K, used 510349K [0x00000000a0000000, 0x00000000c5080000, 0x00000000e0000000)
  object space 606720K, 84% used [0x00000000a0000000,0x00000000bf2635c8,0x00000000c5080000)
 Metaspace       used 102145K, capacity 108930K, committed 109208K, reserved 1144832K
  class space    used 13002K, capacity 14173K, committed 14256K, reserved 1048576K
Event: 6802.981 GC heap after
Heap after GC invocations=43 (full 7):
 PSYoungGen      total 397312K, used 20841K [0x00000000e0000000, 0x0000000100000000, 0x0000000100000000)
  eden space 275456K, 0% used [0x00000000e0000000,0x00000000e0000000,0x00000000f0d00000)
  from space 121856K, 17% used [0x00000000f8080000,0x00000000f94da798,0x00000000ff780000)
  to   space 118272K, 0% used [0x00000000f0d00000,0x00000000f0d00000,0x00000000f8080000)
 ParOldGen       total 606720K, used 527045K [0x00000000a0000000, 0x00000000c5080000, 0x00000000e0000000)
  object space 606720K, 86% used [0x00000000a0000000,0x00000000c02b1668,0x00000000c5080000)
 Metaspace       used 102145K, capacity 108930K, committed 109208K, reserved 1144832K
  class space    used 13002K, capacity 14173K, committed 14256K, reserved 1048576K
}
Event: 6802.994 GC heap before
{Heap before GC invocations=44 (full 8):
 PSYoungGen      total 397312K, used 20841K [0x00000000e0000000, 0x0000000100000000, 0x0000000100000000)
  eden space 275456K, 0% used [0x00000000e0000000,0x00000000e0000000,0x00000000f0d00000)
  from space 121856K, 17% used [0x00000000f8080000,0x00000000f94da798,0x00000000ff780000)
  to   space 118272K, 0% used [0x00000000f0d00000,0x00000000f0d00000,0x00000000f8080000)
 ParOldGen       total 606720K, used 527045K [0x00000000a0000000, 0x00000000c5080000, 0x00000000e0000000)
  object space 606720K, 86% used [0x00000000a0000000,0x00000000c02b1668,0x00000000c5080000)
 Metaspace       used 102145K, capacity 108930K, committed 109208K, reserved 1144832K
  class space    used 13002K, capacity 14173K, committed 14256K, reserved 1048576K

